<?xml version="1.0" encoding="UTF-8"?>
<testsuite xmlns:xsi="http://www.w3.org/2001/XMLSchema-instance" xsi:noNamespaceSchemaLocation="https://maven.apache.org/surefire/maven-surefire-plugin/xsd/surefire-test-report.xsd" version="3.0.2" name="com.example.tasklist.TasklistApplicationTests" time="8.053" tests="1" errors="0" skipped="0" failures="0">
  <properties>
[...]
</properties>
  <testcase name="contextLoads" classname="com.example.tasklist.TasklistApplicationTests" time="0.379">
    <system-out><![CDATA[12:04:29.337 [main] INFO org.springframework.test.context.support.AnnotationConfigContextLoaderUtils -- Could not detect default configuration classes for test class [com.example.tasklist.TasklistApplicationTests]: TasklistApplicationTests does not declare any static, non-private, non-final, nested classes annotated with @Configuration.
12:04:29.479 [main] INFO org.springframework.boot.test.context.SpringBootTestContextBootstrapper -- Found @SpringBootConfiguration com.example.tasklist.TasklistApplication for test class com.example.tasklist.TasklistApplicationTests

  .   ____          _            __ _ _
 /\\ / ___'_ __ _ _(_)_ __  __ _ \ \ \ \
( ( )\___ | '_ | '_| | '_ \/ _` | \ \ \ \
 \\/  ___)| |_)| | | | | || (_| |  ) ) ) )
  '  |____| .__|_| |_|_| |_\__, | / / / /
 =========|_|==============|___/=/_/_/_/

 :: Spring Boot ::                (v3.5.4)

2025-09-23T12:04:30.005+05:00  INFO 17632 --- [tasklist] [           main] c.e.tasklist.TasklistApplicationTests    : Starting TasklistApplicationTests using Java 23.0.1 with PID 17632 (started by Dima in C:\Users\Dima\IdeaProjects\tasklist)
2025-09-23T12:04:30.007+05:00  INFO 17632 --- [tasklist] [           main] c.e.tasklist.TasklistApplicationTests    : No active profile set, falling back to 1 default profile: "default"
2025-09-23T12:04:31.313+05:00  INFO 17632 --- [tasklist] [           main] .s.d.r.c.RepositoryConfigurationDelegate : Multiple Spring Data modules found, entering strict repository configuration mode
2025-09-23T12:04:31.315+05:00  INFO 17632 --- [tasklist] [           main] .s.d.r.c.RepositoryConfigurationDelegate : Bootstrapping Spring Data JDBC repositories in DEFAULT mode.
2025-09-23T12:04:31.358+05:00  INFO 17632 --- [tasklist] [           main] .RepositoryConfigurationExtensionSupport : Spring Data JDBC - Could not safely identify store assignment for repository candidate interface com.example.tasklist.repository.TaskRepository; If you want this repository to be a JDBC repository, consider annotating your entities with one of these annotations: org.springframework.data.relational.core.mapping.Table.
2025-09-23T12:04:31.360+05:00  INFO 17632 --- [tasklist] [           main] .RepositoryConfigurationExtensionSupport : Spring Data JDBC - Could not safely identify store assignment for repository candidate interface com.example.tasklist.repository.UserRepository; If you want this repository to be a JDBC repository, consider annotating your entities with one of these annotations: org.springframework.data.relational.core.mapping.Table.
2025-09-23T12:04:31.361+05:00  INFO 17632 --- [tasklist] [           main] .s.d.r.c.RepositoryConfigurationDelegate : Finished Spring Data repository scanning in 39 ms. Found 0 JDBC repository interfaces.
2025-09-23T12:04:31.375+05:00  INFO 17632 --- [tasklist] [           main] .s.d.r.c.RepositoryConfigurationDelegate : Multiple Spring Data modules found, entering strict repository configuration mode
2025-09-23T12:04:31.376+05:00  INFO 17632 --- [tasklist] [           main] .s.d.r.c.RepositoryConfigurationDelegate : Bootstrapping Spring Data JPA repositories in DEFAULT mode.
2025-09-23T12:04:31.416+05:00  INFO 17632 --- [tasklist] [           main] .s.d.r.c.RepositoryConfigurationDelegate : Finished Spring Data repository scanning in 34 ms. Found 2 JPA repository interfaces.
2025-09-23T12:04:31.805+05:00  WARN 17632 --- [tasklist] [           main] trationDelegate$BeanPostProcessorChecker : Bean 'applicationConfig' of type [com.example.tasklist.config.ApplicationConfig$$SpringCGLIB$$0] is not eligible for getting processed by all BeanPostProcessors (for example: not eligible for auto-proxying). Is this bean getting eagerly injected/applied to a currently created BeanPostProcessor [projectingArgumentResolverBeanPostProcessor]? Check the corresponding BeanPostProcessor declaration and its dependencies/advisors. If this bean does not have to be post-processed, declare it with ROLE_INFRASTRUCTURE.
2025-09-23T12:04:31.808+05:00  WARN 17632 --- [tasklist] [           main] trationDelegate$BeanPostProcessorChecker : Bean 'expressionHandler' of type [com.example.tasklist.web.security.expression.CustomSecurityExceptionHandler] is not eligible for getting processed by all BeanPostProcessors (for example: not eligible for auto-proxying). Is this bean getting eagerly injected/applied to a currently created BeanPostProcessor [projectingArgumentResolverBeanPostProcessor]? Check the corresponding BeanPostProcessor declaration and its dependencies/advisors. If this bean does not have to be post-processed, declare it with ROLE_INFRASTRUCTURE.
2025-09-23T12:04:31.966+05:00  INFO 17632 --- [tasklist] [           main] com.zaxxer.hikari.HikariDataSource       : HikariPool-1 - Starting...
2025-09-23T12:04:32.196+05:00  INFO 17632 --- [tasklist] [           main] com.zaxxer.hikari.pool.HikariPool        : HikariPool-1 - Added connection org.postgresql.jdbc.PgConnection@61808ecd
2025-09-23T12:04:32.197+05:00  INFO 17632 --- [tasklist] [           main] com.zaxxer.hikari.HikariDataSource       : HikariPool-1 - Start completed.
2025-09-23T12:04:32.460+05:00  INFO 17632 --- [tasklist] [           main] liquibase.changelog                      : Reading resource: liquibase/changesets/V1__init.sql
2025-09-23T12:04:32.593+05:00  INFO 17632 --- [tasklist] [           main] liquibase.changelog                      : Reading from tasklist.databasechangelog
2025-09-23T12:04:32.671+05:00  INFO 17632 --- [tasklist] [           main] liquibase.changelog                      : Reading resource: liquibase/changesets/V2__insert_data.sql
2025-09-23T12:04:32.727+05:00  INFO 17632 --- [tasklist] [           main] liquibase.ui                             : Database is up to date, no changesets to execute
2025-09-23T12:04:32.729+05:00  INFO 17632 --- [tasklist] [           main] liquibase.changelog                      : Reading from tasklist.databasechangelog
2025-09-23T12:04:32.736+05:00  INFO 17632 --- [tasklist] [           main] liquibase.util                           : UPDATE SUMMARY
2025-09-23T12:04:32.736+05:00  INFO 17632 --- [tasklist] [           main] liquibase.util                           : Run:                          0
2025-09-23T12:04:32.736+05:00  INFO 17632 --- [tasklist] [           main] liquibase.util                           : Previously run:               2
2025-09-23T12:04:32.736+05:00  INFO 17632 --- [tasklist] [           main] liquibase.util                           : Filtered out:                 0
2025-09-23T12:04:32.736+05:00  INFO 17632 --- [tasklist] [           main] liquibase.util                           : -------------------------------
2025-09-23T12:04:32.736+05:00  INFO 17632 --- [tasklist] [           main] liquibase.util                           : Total change sets:            2
2025-09-23T12:04:32.737+05:00  INFO 17632 --- [tasklist] [           main] liquibase.util                           : Update summary generated
2025-09-23T12:04:32.738+05:00  INFO 17632 --- [tasklist] [           main] liquibase.command                        : Command execution complete
2025-09-23T12:04:33.824+05:00  INFO 17632 --- [tasklist] [           main] o.hibernate.jpa.internal.util.LogHelper  : HHH000204: Processing PersistenceUnitInfo [name: default]
2025-09-23T12:04:33.885+05:00  INFO 17632 --- [tasklist] [           main] org.hibernate.Version                    : HHH000412: Hibernate ORM core version 6.6.22.Final
2025-09-23T12:04:33.922+05:00  INFO 17632 --- [tasklist] [           main] o.h.c.internal.RegionFactoryInitiator    : HHH000026: Second-level cache disabled
2025-09-23T12:04:34.230+05:00  INFO 17632 --- [tasklist] [           main] o.s.o.j.p.SpringPersistenceUnitInfo      : No LoadTimeWeaver setup: ignoring JPA class transformer
2025-09-23T12:04:34.310+05:00  INFO 17632 --- [tasklist] [           main] org.hibernate.orm.connections.pooling    : HHH10001005: Database info:
	Database JDBC URL [Connecting through datasource 'HikariDataSource (HikariPool-1)']
	Database driver: undefined/unknown
	Database version: 16.3
	Autocommit mode: undefined/unknown
	Isolation level: undefined/unknown
	Minimum pool size: undefined/unknown
	Maximum pool size: undefined/unknown
2025-09-23T12:04:35.447+05:00  INFO 17632 --- [tasklist] [           main] o.h.e.t.j.p.i.JtaPlatformInitiator       : HHH000489: No JTA platform available (set 'hibernate.transaction.jta.platform' to enable JTA platform integration)
2025-09-23T12:04:35.450+05:00  INFO 17632 --- [tasklist] [           main] j.LocalContainerEntityManagerFactoryBean : Initialized JPA EntityManagerFactory for persistence unit 'default'
2025-09-23T12:04:35.829+05:00  INFO 17632 --- [tasklist] [           main] o.s.d.j.r.query.QueryEnhancerFactory     : Hibernate is in classpath; If applicable, HQL parser will be used.
2025-09-23T12:04:35.864+05:00  INFO 17632 --- [tasklist] [           main] r$InitializeUserDetailsManagerConfigurer : Global AuthenticationManager configured with UserDetailsService bean with name jwtUserDetailsService
2025-09-23T12:04:36.026+05:00  WARN 17632 --- [tasklist] [           main] JpaBaseConfiguration$JpaWebConfiguration : spring.jpa.open-in-view is enabled by default. Therefore, database queries may be performed during view rendering. Explicitly configure spring.jpa.open-in-view to disable this warning
2025-09-23T12:04:36.825+05:00  INFO 17632 --- [tasklist] [           main] c.e.tasklist.TasklistApplicationTests    : Started TasklistApplicationTests in 7.152 seconds (process running for 8.372)
]]></system-out>
    <system-err><![CDATA[Mockito is currently self-attaching to enable the inline-mock-maker. This will no longer work in future releases of the JDK. Please add Mockito as an agent to your build as described in Mockito's documentation: https://javadoc.io/doc/org.mockito/mockito-core/latest/org.mockito/org/mockito/Mockito.html#0.3
WARNING: A Java agent has been loaded dynamically (C:\Users\Dima\.m2\repository\net\bytebuddy\byte-buddy-agent\1.17.6\byte-buddy-agent-1.17.6.jar)
WARNING: If a serviceability tool is in use, please run with -XX:+EnableDynamicAgentLoading to hide this warning
WARNING: If a serviceability tool is not in use, please run with -Djdk.instrument.traceUsage for more information
WARNING: Dynamic loading of agents will be disallowed by default in a future release
]]></system-err>
  </testcase>
</testsuite>